********************************************************************************
*                             Initializing Cubiquity                           *
********************************************************************************
[11:13:33, Info   ]: Creating voxel database from 'D:/WORKSPACE/AdventureJam/Assets/StreamingAssets/Cubiquity/VoxelDatabases/6F03C284.vdb'
[11:15:52, Info   ]: Creating voxel database from 'D:/WORKSPACE/AdventureJam/Assets/StreamingAssets/Cubiquity/VoxelDatabases/6F03C284.vdb'
[11:16:31, Info   ]: Resizing compressed data buffer to 288486bytes. This should only happen once
[11:16:31, Info   ]: Creating voxel database from 'D:/WORKSPACE/AdventureJam/Assets/StreamingAssets/Cubiquity/VoxelDatabases/6F03C284.vdb'
[11:17:40, Info   ]: Creating voxel database from 'D:/WORKSPACE/AdventureJam/Assets/StreamingAssets/Cubiquity/VoxelDatabases/6F03C284.vdb'
[11:18:48, Info   ]: Resizing compressed data buffer to 288486bytes. This should only happen once
[11:18:48, Info   ]: Creating voxel database from 'D:/WORKSPACE/AdventureJam/Assets/StreamingAssets/Cubiquity/VoxelDatabases/6F03C284.vdb'
[11:21:10, Info   ]: Creating empty voxel database as 'D:/WORKSPACE/AdventureJam/Assets/StreamingAssets/Cubiquity/VoxelDatabases/59966425.vdb'
[11:21:14, Info   ]: Resizing compressed data buffer to 288486bytes. This should only happen once
[11:21:38, Info   ]: Creating empty voxel database as 'D:/WORKSPACE/AdventureJam/Assets/StreamingAssets/Cubiquity/VoxelDatabases/54CF24D5.vdb'
[11:24:29, Info   ]: Resizing compressed data buffer to 288486bytes. This should only happen once
[11:24:29, Info   ]: Resizing compressed data buffer to 288486bytes. This should only happen once
[11:24:30, Info   ]: Creating voxel database from 'D:/WORKSPACE/AdventureJam/Assets/StreamingAssets/Cubiquity/VoxelDatabases/6F03C284.vdb'
[11:25:36, Info   ]: Creating voxel database from 'D:/WORKSPACE/AdventureJam/Assets/StreamingAssets/Cubiquity/VoxelDatabases/6F03C284.vdb'
[11:25:39, Info   ]: Creating voxel database from 'D:/WORKSPACE/AdventureJam/Assets/StreamingAssets/Cubiquity/VoxelDatabases/6F03C284.vdb'
[11:26:42, Info   ]: Resizing compressed data buffer to 288486bytes. This should only happen once
[11:26:42, Info   ]: Creating voxel database from 'D:/WORKSPACE/AdventureJam/Assets/StreamingAssets/Cubiquity/VoxelDatabases/6F03C284.vdb'
[11:56:19, Info   ]: Creating voxel database from 'D:/WORKSPACE/AdventureJam/Assets/StreamingAssets/Cubiquity/VoxelDatabases/6F03C284.vdb'
[11:58:07, Info   ]: Resizing compressed data buffer to 288486bytes. This should only happen once
[11:58:07, Info   ]: Creating voxel database from 'D:/WORKSPACE/AdventureJam/Assets/StreamingAssets/Cubiquity/VoxelDatabases/6F03C284.vdb'
[11:58:25, Info   ]: Creating voxel database from 'D:/WORKSPACE/AdventureJam/Assets/StreamingAssets/Cubiquity/VoxelDatabases/6F03C284.vdb'
[11:59:27, Info   ]: Resizing compressed data buffer to 288486bytes. This should only happen once
[11:59:28, Info   ]: Creating voxel database from 'D:/WORKSPACE/AdventureJam/Assets/StreamingAssets/Cubiquity/VoxelDatabases/6F03C284.vdb'
[12:01:14, Info   ]: Creating voxel database from 'D:/WORKSPACE/AdventureJam/Assets/StreamingAssets/Cubiquity/VoxelDatabases/6F03C284.vdb'
[12:07:34, Info   ]: Creating voxel database from 'D:/WORKSPACE/AdventureJam/Assets/StreamingAssets/Cubiquity/VoxelDatabases/6F03C284.vdb'
[12:09:08, Info   ]: Creating voxel database from 'D:/WORKSPACE/AdventureJam/Assets/StreamingAssets/Cubiquity/VoxelDatabases/6F03C284.vdb'
[12:09:28, Info   ]: Creating voxel database from 'D:/WORKSPACE/AdventureJam/Assets/StreamingAssets/Cubiquity/VoxelDatabases/6F03C284.vdb'
[12:10:06, Info   ]: Creating voxel database from 'D:/WORKSPACE/AdventureJam/Assets/StreamingAssets/Cubiquity/VoxelDatabases/6F03C284.vdb'
[12:10:22, Info   ]: Creating voxel database from 'D:/WORKSPACE/AdventureJam/Assets/StreamingAssets/Cubiquity/VoxelDatabases/6F03C284.vdb'
[12:11:04, Info   ]: Creating voxel database from 'D:/WORKSPACE/AdventureJam/Assets/StreamingAssets/Cubiquity/VoxelDatabases/6F03C284.vdb'
[12:11:16, Info   ]: Creating voxel database from 'D:/WORKSPACE/AdventureJam/Assets/StreamingAssets/Cubiquity/VoxelDatabases/6F03C284.vdb'
[12:11:49, Info   ]: Creating voxel database from 'D:/WORKSPACE/AdventureJam/Assets/StreamingAssets/Cubiquity/VoxelDatabases/6F03C284.vdb'
[12:12:00, Info   ]: Creating voxel database from 'D:/WORKSPACE/AdventureJam/Assets/StreamingAssets/Cubiquity/VoxelDatabases/6F03C284.vdb'
[12:12:26, Info   ]: Creating voxel database from 'D:/WORKSPACE/AdventureJam/Assets/StreamingAssets/Cubiquity/VoxelDatabases/6F03C284.vdb'
[12:12:36, Info   ]: Creating voxel database from 'D:/WORKSPACE/AdventureJam/Assets/StreamingAssets/Cubiquity/VoxelDatabases/6F03C284.vdb'
[12:14:21, Info   ]: Creating voxel database from 'D:/WORKSPACE/AdventureJam/Assets/StreamingAssets/Cubiquity/VoxelDatabases/6F03C284.vdb'
[12:17:40, Info   ]: Creating voxel database from 'D:/WORKSPACE/AdventureJam/Assets/StreamingAssets/Cubiquity/VoxelDatabases/6F03C284.vdb'
[12:18:34, Info   ]: Creating voxel database from 'D:/WORKSPACE/AdventureJam/Assets/StreamingAssets/Cubiquity/VoxelDatabases/6F03C284.vdb'
[12:26:18, Info   ]: Creating voxel database from 'D:/WORKSPACE/AdventureJam/Assets/StreamingAssets/Cubiquity/VoxelDatabases/6F03C284.vdb'
[12:26:41, Info   ]: Creating voxel database from 'D:/WORKSPACE/AdventureJam/Assets/StreamingAssets/Cubiquity/VoxelDatabases/6F03C284.vdb'
[12:26:52, Info   ]: Creating voxel database from 'D:/WORKSPACE/AdventureJam/Assets/StreamingAssets/Cubiquity/VoxelDatabases/6F03C284.vdb'
[12:26:58, Info   ]: Creating voxel database from 'D:/WORKSPACE/AdventureJam/Assets/StreamingAssets/Cubiquity/VoxelDatabases/6F03C284.vdb'
[12:27:14, Info   ]: Creating voxel database from 'D:/WORKSPACE/AdventureJam/Assets/StreamingAssets/Cubiquity/VoxelDatabases/6F03C284.vdb'
[12:27:20, Info   ]: Creating voxel database from 'D:/WORKSPACE/AdventureJam/Assets/StreamingAssets/Cubiquity/VoxelDatabases/6F03C284.vdb'
[12:27:37, Info   ]: Creating voxel database from 'D:/WORKSPACE/AdventureJam/Assets/StreamingAssets/Cubiquity/VoxelDatabases/6F03C284.vdb'
[12:32:58, Info   ]: Creating voxel database from 'D:/WORKSPACE/AdventureJam/Assets/StreamingAssets/Cubiquity/VoxelDatabases/6F03C284.vdb'
[12:34:20, Info   ]: Resizing compressed data buffer to 288486bytes. This should only happen once
[12:34:20, Info   ]: Creating voxel database from 'D:/WORKSPACE/AdventureJam/Assets/StreamingAssets/Cubiquity/VoxelDatabases/6F03C284.vdb'
[12:35:06, Info   ]: Creating voxel database from 'D:/WORKSPACE/AdventureJam/Assets/StreamingAssets/Cubiquity/VoxelDatabases/6F03C284.vdb'
[12:35:17, Info   ]: Creating voxel database from 'D:/WORKSPACE/AdventureJam/Assets/StreamingAssets/Cubiquity/VoxelDatabases/6F03C284.vdb'
[12:37:03, Info   ]: Resizing compressed data buffer to 288486bytes. This should only happen once
[12:37:03, Info   ]: Creating voxel database from 'D:/WORKSPACE/AdventureJam/Assets/StreamingAssets/Cubiquity/VoxelDatabases/6F03C284.vdb'
[12:38:24, Info   ]: Creating voxel database from 'D:/WORKSPACE/AdventureJam/Assets/StreamingAssets/Cubiquity/VoxelDatabases/6F03C284.vdb'
[12:38:52, Info   ]: Creating voxel database from 'D:/WORKSPACE/AdventureJam/Assets/StreamingAssets/Cubiquity/VoxelDatabases/6F03C284.vdb'
[12:45:37, Info   ]: Creating voxel database from 'D:/WORKSPACE/AdventureJam/Assets/StreamingAssets/Cubiquity/VoxelDatabases/6F03C284.vdb'
[12:47:35, Info   ]: Resizing compressed data buffer to 288486bytes. This should only happen once
[12:47:35, Info   ]: Creating voxel database from 'D:/WORKSPACE/AdventureJam/Assets/StreamingAssets/Cubiquity/VoxelDatabases/6F03C284.vdb'
[12:47:40, Info   ]: Creating voxel database from 'D:/WORKSPACE/AdventureJam/Assets/StreamingAssets/Cubiquity/VoxelDatabases/6F03C284.vdb'
[12:50:05, Info   ]: Resizing compressed data buffer to 288486bytes. This should only happen once
[12:50:06, Info   ]: Creating voxel database from 'D:/WORKSPACE/AdventureJam/Assets/StreamingAssets/Cubiquity/VoxelDatabases/6F03C284.vdb'
[13:03:51, Info   ]: Creating voxel database from 'D:/WORKSPACE/AdventureJam/Assets/StreamingAssets/Cubiquity/VoxelDatabases/6F03C284.vdb'
[13:04:10, Info   ]: Creating voxel database from 'D:/WORKSPACE/AdventureJam/Assets/StreamingAssets/Cubiquity/VoxelDatabases/6F03C284.vdb'
[13:24:27, Info   ]: Creating voxel database from 'D:/WORKSPACE/AdventureJam/Assets/StreamingAssets/Cubiquity/VoxelDatabases/6F03C284.vdb'
[13:24:42, Info   ]: Creating voxel database from 'D:/WORKSPACE/AdventureJam/Assets/StreamingAssets/Cubiquity/VoxelDatabases/6F03C284.vdb'
[13:28:05, Info   ]: Creating voxel database from 'D:/WORKSPACE/AdventureJam/Assets/StreamingAssets/Cubiquity/VoxelDatabases/6F03C284.vdb'
[13:29:03, Info   ]: Resizing compressed data buffer to 288486bytes. This should only happen once
[13:29:03, Info   ]: Creating voxel database from 'D:/WORKSPACE/AdventureJam/Assets/StreamingAssets/Cubiquity/VoxelDatabases/6F03C284.vdb'
[13:29:09, Info   ]: Creating voxel database from 'D:/WORKSPACE/AdventureJam/Assets/StreamingAssets/Cubiquity/VoxelDatabases/6F03C284.vdb'
[13:29:27, Info   ]: Creating voxel database from 'D:/WORKSPACE/AdventureJam/Assets/StreamingAssets/Cubiquity/VoxelDatabases/6F03C284.vdb'
[13:33:22, Info   ]: Creating voxel database from 'D:/WORKSPACE/AdventureJam/Assets/StreamingAssets/Cubiquity/VoxelDatabases/6F03C284.vdb'
[13:33:36, Info   ]: Creating voxel database from 'D:/WORKSPACE/AdventureJam/Assets/StreamingAssets/Cubiquity/VoxelDatabases/6F03C284.vdb'
[13:40:55, Info   ]: Creating voxel database from 'D:/WORKSPACE/AdventureJam/Assets/StreamingAssets/Cubiquity/VoxelDatabases/6F03C284.vdb'
[13:41:03, Info   ]: Creating voxel database from 'D:/WORKSPACE/AdventureJam/Assets/StreamingAssets/Cubiquity/VoxelDatabases/6F03C284.vdb'
[13:48:30, Info   ]: Creating voxel database from 'D:/WORKSPACE/AdventureJam/Assets/StreamingAssets/Cubiquity/VoxelDatabases/6F03C284.vdb'
[13:49:08, Info   ]: Creating voxel database from 'D:/WORKSPACE/AdventureJam/Assets/StreamingAssets/Cubiquity/VoxelDatabases/6F03C284.vdb'
[13:53:01, Info   ]: Creating voxel database from 'D:/WORKSPACE/AdventureJam/Assets/StreamingAssets/Cubiquity/VoxelDatabases/6F03C284.vdb'
[13:53:45, Info   ]: Creating voxel database from 'D:/WORKSPACE/AdventureJam/Assets/StreamingAssets/Cubiquity/VoxelDatabases/6F03C284.vdb'
[13:56:34, Info   ]: Creating voxel database from 'D:/WORKSPACE/AdventureJam/Assets/StreamingAssets/Cubiquity/VoxelDatabases/6F03C284.vdb'
[13:57:22, Info   ]: Creating voxel database from 'D:/WORKSPACE/AdventureJam/Assets/StreamingAssets/Cubiquity/VoxelDatabases/6F03C284.vdb'
[13:58:32, Info   ]: Creating voxel database from 'D:/WORKSPACE/AdventureJam/Assets/StreamingAssets/Cubiquity/VoxelDatabases/6F03C284.vdb'
[13:59:30, Info   ]: Resizing compressed data buffer to 288486bytes. This should only happen once
[13:59:30, Info   ]: Creating voxel database from 'D:/WORKSPACE/AdventureJam/Assets/StreamingAssets/Cubiquity/VoxelDatabases/6F03C284.vdb'
[14:01:14, Info   ]: Creating voxel database from 'D:/WORKSPACE/AdventureJam/Assets/StreamingAssets/Cubiquity/VoxelDatabases/6F03C284.vdb'
[14:01:48, Info   ]: Creating voxel database from 'D:/WORKSPACE/AdventureJam/Assets/StreamingAssets/Cubiquity/VoxelDatabases/6F03C284.vdb'
[14:01:54, Info   ]: Creating voxel database from 'D:/WORKSPACE/AdventureJam/Assets/StreamingAssets/Cubiquity/VoxelDatabases/6F03C284.vdb'
[14:02:39, Info   ]: Resizing compressed data buffer to 288486bytes. This should only happen once
[14:02:40, Info   ]: Creating voxel database from 'D:/WORKSPACE/AdventureJam/Assets/StreamingAssets/Cubiquity/VoxelDatabases/6F03C284.vdb'
[14:04:13, Info   ]: Creating voxel database from 'D:/WORKSPACE/AdventureJam/Assets/StreamingAssets/Cubiquity/VoxelDatabases/6F03C284.vdb'
[14:04:19, Info   ]: Creating voxel database from 'D:/WORKSPACE/AdventureJam/Assets/StreamingAssets/Cubiquity/VoxelDatabases/6F03C284.vdb'
[14:04:44, Info   ]: Resizing compressed data buffer to 288486bytes. This should only happen once
[14:04:44, Info   ]: Creating voxel database from 'D:/WORKSPACE/AdventureJam/Assets/StreamingAssets/Cubiquity/VoxelDatabases/6F03C284.vdb'
[14:05:29, Info   ]: Creating voxel database from 'D:/WORKSPACE/AdventureJam/Assets/StreamingAssets/Cubiquity/VoxelDatabases/6F03C284.vdb'
[14:05:35, Info   ]: Creating voxel database from 'D:/WORKSPACE/AdventureJam/Assets/StreamingAssets/Cubiquity/VoxelDatabases/6F03C284.vdb'
[14:06:02, Info   ]: Resizing compressed data buffer to 288486bytes. This should only happen once
[14:06:03, Info   ]: Creating voxel database from 'D:/WORKSPACE/AdventureJam/Assets/StreamingAssets/Cubiquity/VoxelDatabases/6F03C284.vdb'
[14:06:09, Info   ]: Creating voxel database from 'D:/WORKSPACE/AdventureJam/Assets/StreamingAssets/Cubiquity/VoxelDatabases/6F03C284.vdb'
[14:06:48, Info   ]: Resizing compressed data buffer to 288486bytes. This should only happen once
[14:06:48, Info   ]: Creating voxel database from 'D:/WORKSPACE/AdventureJam/Assets/StreamingAssets/Cubiquity/VoxelDatabases/6F03C284.vdb'
[14:06:54, Info   ]: Creating voxel database from 'D:/WORKSPACE/AdventureJam/Assets/StreamingAssets/Cubiquity/VoxelDatabases/6F03C284.vdb'
[14:07:46, Info   ]: Resizing compressed data buffer to 288486bytes. This should only happen once
[14:07:46, Info   ]: Creating voxel database from 'D:/WORKSPACE/AdventureJam/Assets/StreamingAssets/Cubiquity/VoxelDatabases/6F03C284.vdb'
[14:08:40, Info   ]: Creating voxel database from 'D:/WORKSPACE/AdventureJam/Assets/StreamingAssets/Cubiquity/VoxelDatabases/6F03C284.vdb'
[14:08:47, Info   ]: Creating voxel database from 'D:/WORKSPACE/AdventureJam/Assets/StreamingAssets/Cubiquity/VoxelDatabases/6F03C284.vdb'
[14:08:58, Info   ]: Creating voxel database from 'D:/WORKSPACE/AdventureJam/Assets/StreamingAssets/Cubiquity/VoxelDatabases/6F03C284.vdb'
[14:09:05, Info   ]: Creating voxel database from 'D:/WORKSPACE/AdventureJam/Assets/StreamingAssets/Cubiquity/VoxelDatabases/6F03C284.vdb'
[14:09:17, Info   ]: Creating voxel database from 'D:/WORKSPACE/AdventureJam/Assets/StreamingAssets/Cubiquity/VoxelDatabases/6F03C284.vdb'
[14:09:33, Info   ]: Creating voxel database from 'D:/WORKSPACE/AdventureJam/Assets/StreamingAssets/Cubiquity/VoxelDatabases/6F03C284.vdb'
[14:09:41, Info   ]: Creating voxel database from 'D:/WORKSPACE/AdventureJam/Assets/StreamingAssets/Cubiquity/VoxelDatabases/6F03C284.vdb'
[14:09:57, Info   ]: Creating voxel database from 'D:/WORKSPACE/AdventureJam/Assets/StreamingAssets/Cubiquity/VoxelDatabases/6F03C284.vdb'
[14:10:01, Info   ]: Creating voxel database from 'D:/WORKSPACE/AdventureJam/Assets/StreamingAssets/Cubiquity/VoxelDatabases/6F03C284.vdb'
[14:12:28, Info   ]: Creating voxel database from 'D:/WORKSPACE/AdventureJam/Assets/StreamingAssets/Cubiquity/VoxelDatabases/6F03C284.vdb'
[14:12:33, Info   ]: Creating voxel database from 'D:/WORKSPACE/AdventureJam/Assets/StreamingAssets/Cubiquity/VoxelDatabases/6F03C284.vdb'
[14:13:05, Info   ]: Creating voxel database from 'D:/WORKSPACE/AdventureJam/Assets/StreamingAssets/Cubiquity/VoxelDatabases/6F03C284.vdb'
[14:14:13, Info   ]: Creating voxel database from 'D:/WORKSPACE/AdventureJam/Assets/StreamingAssets/Cubiquity/VoxelDatabases/6F03C284.vdb'
[14:15:39, Info   ]: Creating voxel database from 'D:/WORKSPACE/AdventureJam/Assets/StreamingAssets/Cubiquity/VoxelDatabases/6F03C284.vdb'
[14:15:49, Info   ]: Creating voxel database from 'D:/WORKSPACE/AdventureJam/Assets/StreamingAssets/Cubiquity/VoxelDatabases/6F03C284.vdb'
[14:16:09, Info   ]: Creating voxel database from 'D:/WORKSPACE/AdventureJam/Assets/StreamingAssets/Cubiquity/VoxelDatabases/6F03C284.vdb'
[14:16:47, Info   ]: Creating voxel database from 'D:/WORKSPACE/AdventureJam/Assets/StreamingAssets/Cubiquity/VoxelDatabases/6F03C284.vdb'
[14:21:33, Info   ]: Creating voxel database from 'D:/WORKSPACE/AdventureJam/Assets/StreamingAssets/Cubiquity/VoxelDatabases/6F03C284.vdb'
[14:21:39, Info   ]: Creating voxel database from 'D:/WORKSPACE/AdventureJam/Assets/StreamingAssets/Cubiquity/VoxelDatabases/6F03C284.vdb'
[14:22:59, Info   ]: Resizing compressed data buffer to 288486bytes. This should only happen once
[14:23:00, Info   ]: Creating voxel database from 'D:/WORKSPACE/AdventureJam/Assets/StreamingAssets/Cubiquity/VoxelDatabases/6F03C284.vdb'
